[14-Feb-2024 13:04:32 UTC] PHP Deprecated:  Using ${var} in strings is deprecated, use {$var} instead in C:\xampp\htdocs\InverlochBikeHire\wp-content\plugins\contact-form-7\includes\mail.php on line 221
[14-Feb-2024 13:04:32 UTC] PHP Deprecated:  Creation of dynamic property Yoast\WP\SEO\Main::$classes is deprecated in C:\xampp\htdocs\InverlochBikeHire\wp-content\plugins\wordpress-seo\lib\abstract-main.php on line 65
[14-Feb-2024 13:04:32 UTC] PHP Deprecated:  Creation of dynamic property Yoast\WP\SEO\Main::$helpers is deprecated in C:\xampp\htdocs\InverlochBikeHire\wp-content\plugins\wordpress-seo\lib\abstract-main.php on line 65
[14-Feb-2024 13:04:32 UTC] PHP Deprecated:  Constant FILTER_SANITIZE_STRING is deprecated in C:\xampp\htdocs\InverlochBikeHire\wp-content\plugins\wordpress-seo\src\integrations\admin\helpscout-beacon.php on line 110
[14-Feb-2024 13:04:32 UTC] PHP Deprecated:  Constant FILTER_SANITIZE_STRING is deprecated in C:\xampp\htdocs\InverlochBikeHire\wp-content\plugins\wordpress-seo\src\conditionals\admin\estimated-reading-time-conditional.php on line 46
[14-Feb-2024 13:04:32 UTC] PHP Deprecated:  Constant FILTER_SANITIZE_STRING is deprecated in C:\xampp\htdocs\InverlochBikeHire\wp-content\plugins\wordpress-seo\src\conditionals\third-party\elementor-edit-conditional.php on line 22
[14-Feb-2024 13:04:32 UTC] PHP Deprecated:  Constant FILTER_SANITIZE_STRING is deprecated in C:\xampp\htdocs\InverlochBikeHire\wp-content\plugins\wordpress-seo\src\conditionals\third-party\elementor-edit-conditional.php on line 28
[14-Feb-2024 13:04:33 UTC] PHP Deprecated:  Using ${var} in strings is deprecated, use {$var} instead in C:\xampp\htdocs\InverlochBikeHire\wp-content\plugins\contact-form-7\includes\mail.php on line 221
[14-Feb-2024 13:04:33 UTC] PHP Deprecated:  Creation of dynamic property Yoast\WP\SEO\Main::$helpers is deprecated in C:\xampp\htdocs\InverlochBikeHire\wp-content\plugins\wordpress-seo\lib\abstract-main.php on line 65
[14-Feb-2024 13:04:33 UTC] PHP Deprecated:  Constant FILTER_SANITIZE_STRING is deprecated in C:\xampp\htdocs\InverlochBikeHire\wp-content\plugins\wordpress-seo\src\integrations\admin\helpscout-beacon.php on line 110
[14-Feb-2024 13:04:33 UTC] PHP Deprecated:  Constant FILTER_SANITIZE_STRING is deprecated in C:\xampp\htdocs\InverlochBikeHire\wp-content\plugins\wordpress-seo\src\conditionals\third-party\elementor-edit-conditional.php on line 22
[14-Feb-2024 13:04:33 UTC] PHP Deprecated:  Constant FILTER_SANITIZE_STRING is deprecated in C:\xampp\htdocs\InverlochBikeHire\wp-content\plugins\wordpress-seo\src\conditionals\third-party\elementor-edit-conditional.php on line 28
[14-Feb-2024 13:04:33 UTC] PHP Deprecated:  Creation of dynamic property Yoast\WP\SEO\Main::$classes is deprecated in C:\xampp\htdocs\InverlochBikeHire\wp-content\plugins\wordpress-seo\lib\abstract-main.php on line 65
[14-Feb-2024 13:04:33 UTC] PHP Deprecated:  strpos(): Passing null to parameter #1 ($haystack) of type string is deprecated in C:\xampp\htdocs\InverlochBikeHire\wp-includes\functions.php on line 7241
[14-Feb-2024 13:04:33 UTC] PHP Deprecated:  str_replace(): Passing null to parameter #3 ($subject) of type array|string is deprecated in C:\xampp\htdocs\InverlochBikeHire\wp-includes\functions.php on line 2187
[14-Feb-2024 13:04:33 UTC] PHP Deprecated:  strpos(): Passing null to parameter #1 ($haystack) of type string is deprecated in C:\xampp\htdocs\InverlochBikeHire\wp-includes\functions.php on line 7241
[14-Feb-2024 13:04:33 UTC] PHP Deprecated:  str_replace(): Passing null to parameter #3 ($subject) of type array|string is deprecated in C:\xampp\htdocs\InverlochBikeHire\wp-includes\functions.php on line 2187
[14-Feb-2024 13:04:55 UTC] PHP Deprecated:  Using ${var} in strings is deprecated, use {$var} instead in C:\xampp\htdocs\InverlochBikeHire\wp-content\plugins\contact-form-7\includes\mail.php on line 221
[14-Feb-2024 13:04:55 UTC] PHP Deprecated:  Creation of dynamic property Yoast\WP\SEO\Main::$classes is deprecated in C:\xampp\htdocs\InverlochBikeHire\wp-content\plugins\wordpress-seo\lib\abstract-main.php on line 65
[14-Feb-2024 13:04:55 UTC] PHP Deprecated:  Creation of dynamic property Yoast\WP\SEO\Main::$helpers is deprecated in C:\xampp\htdocs\InverlochBikeHire\wp-content\plugins\wordpress-seo\lib\abstract-main.php on line 65
[14-Feb-2024 13:04:55 UTC] PHP Deprecated:  Constant FILTER_SANITIZE_STRING is deprecated in C:\xampp\htdocs\InverlochBikeHire\wp-content\plugins\wordpress-seo\src\integrations\admin\helpscout-beacon.php on line 110
[14-Feb-2024 13:04:55 UTC] PHP Deprecated:  Constant FILTER_SANITIZE_STRING is deprecated in C:\xampp\htdocs\InverlochBikeHire\wp-content\plugins\wordpress-seo\src\conditionals\admin\estimated-reading-time-conditional.php on line 46
[14-Feb-2024 13:04:55 UTC] PHP Deprecated:  Constant FILTER_SANITIZE_STRING is deprecated in C:\xampp\htdocs\InverlochBikeHire\wp-content\plugins\wordpress-seo\src\conditionals\third-party\elementor-edit-conditional.php on line 22
[14-Feb-2024 13:04:55 UTC] PHP Deprecated:  Constant FILTER_SANITIZE_STRING is deprecated in C:\xampp\htdocs\InverlochBikeHire\wp-content\plugins\wordpress-seo\src\conditionals\third-party\elementor-edit-conditional.php on line 28
[14-Feb-2024 13:04:55 UTC] Received POST data: Array
(
    [price] => Array
        (
            [1] => Array
                (
                    [1 hours] => 1
                )

            [2] => Array
                (
                    [1 hours] => 1
                )

            [3] => Array
                (
                    [1 hours] => 1
                )

            [4] => Array
                (
                    [1 hours] => 1
                )

        )

    [action] => ibh_handle_form
    [entity] => price_point
    [action_type] => update
    [_wpnonce] => a8f3c3a516
)

[14-Feb-2024 13:04:58 UTC] PHP Deprecated:  Using ${var} in strings is deprecated, use {$var} instead in C:\xampp\htdocs\InverlochBikeHire\wp-content\plugins\contact-form-7\includes\mail.php on line 221
[14-Feb-2024 13:04:58 UTC] PHP Deprecated:  Creation of dynamic property Yoast\WP\SEO\Main::$helpers is deprecated in C:\xampp\htdocs\InverlochBikeHire\wp-content\plugins\wordpress-seo\lib\abstract-main.php on line 65
[14-Feb-2024 13:04:58 UTC] PHP Deprecated:  Constant FILTER_SANITIZE_STRING is deprecated in C:\xampp\htdocs\InverlochBikeHire\wp-content\plugins\wordpress-seo\src\integrations\admin\helpscout-beacon.php on line 110
[14-Feb-2024 13:04:58 UTC] PHP Deprecated:  Constant FILTER_SANITIZE_STRING is deprecated in C:\xampp\htdocs\InverlochBikeHire\wp-content\plugins\wordpress-seo\src\conditionals\third-party\elementor-edit-conditional.php on line 22
[14-Feb-2024 13:04:58 UTC] PHP Deprecated:  Constant FILTER_SANITIZE_STRING is deprecated in C:\xampp\htdocs\InverlochBikeHire\wp-content\plugins\wordpress-seo\src\conditionals\third-party\elementor-edit-conditional.php on line 28
[14-Feb-2024 13:04:58 UTC] PHP Deprecated:  Creation of dynamic property Yoast\WP\SEO\Main::$classes is deprecated in C:\xampp\htdocs\InverlochBikeHire\wp-content\plugins\wordpress-seo\lib\abstract-main.php on line 65
[14-Feb-2024 13:04:58 UTC] PHP Deprecated:  strpos(): Passing null to parameter #1 ($haystack) of type string is deprecated in C:\xampp\htdocs\InverlochBikeHire\wp-includes\functions.php on line 7241
[14-Feb-2024 13:04:58 UTC] PHP Deprecated:  str_replace(): Passing null to parameter #3 ($subject) of type array|string is deprecated in C:\xampp\htdocs\InverlochBikeHire\wp-includes\functions.php on line 2187
[14-Feb-2024 13:04:58 UTC] PHP Deprecated:  strpos(): Passing null to parameter #1 ($haystack) of type string is deprecated in C:\xampp\htdocs\InverlochBikeHire\wp-includes\functions.php on line 7241
[14-Feb-2024 13:04:58 UTC] PHP Deprecated:  str_replace(): Passing null to parameter #3 ($subject) of type array|string is deprecated in C:\xampp\htdocs\InverlochBikeHire\wp-includes\functions.php on line 2187
[14-Feb-2024 16:32:49 UTC] Array
(
    [price] => Array
        (
            [1] => Array
                (
                    [1 hours] => 2
                )

            [2] => Array
                (
                    [1 hours] => 5
                )

            [3] => Array
                (
                    [1 hours] => 6
                )

            [4] => Array
                (
                    [1 hours] => 8
                )

        )

    [action] => ibh_handle_form
    [entity] => price_point
    [action_type] => update
    [_wpnonce] => a8f3c3a516
)

[14-Feb-2024 16:41:47 UTC] PHP Fatal error:  Uncaught Error: Class "PricePointModel" not found in C:\xampp\htdocs\InverlochBikeHire\wp-content\plugins\inverloch-bike-hire\includes\form-handlers.php:242
Stack trace:
#0 C:\xampp\htdocs\InverlochBikeHire\wp-content\plugins\inverloch-bike-hire\includes\form-handlers.php(72): update_price_points_action()
#1 C:\xampp\htdocs\InverlochBikeHire\wp-content\plugins\inverloch-bike-hire\includes\form-handlers.php(34): handle_price_point_actions('update')
#2 C:\xampp\htdocs\InverlochBikeHire\wp-includes\class-wp-hook.php(324): ibh_handle_form_submission('')
#3 C:\xampp\htdocs\InverlochBikeHire\wp-includes\class-wp-hook.php(348): WP_Hook->apply_filters('', Array)
#4 C:\xampp\htdocs\InverlochBikeHire\wp-includes\plugin.php(517): WP_Hook->do_action(Array)
#5 C:\xampp\htdocs\InverlochBikeHire\wp-admin\admin-ajax.php(188): do_action('wp_ajax_ibh_han...')
#6 {main}
  thrown in C:\xampp\htdocs\InverlochBikeHire\wp-content\plugins\inverloch-bike-hire\includes\form-handlers.php on line 242
[14-Feb-2024 16:45:59 UTC] PHP Fatal error:  Uncaught Error: Class "PricePointModel" not found in C:\xampp\htdocs\InverlochBikeHire\wp-content\plugins\inverloch-bike-hire\includes\form-handlers.php:242
Stack trace:
#0 C:\xampp\htdocs\InverlochBikeHire\wp-content\plugins\inverloch-bike-hire\includes\form-handlers.php(72): update_price_points_action()
#1 C:\xampp\htdocs\InverlochBikeHire\wp-content\plugins\inverloch-bike-hire\includes\form-handlers.php(34): handle_price_point_actions('update')
#2 C:\xampp\htdocs\InverlochBikeHire\wp-includes\class-wp-hook.php(324): ibh_handle_form_submission('')
#3 C:\xampp\htdocs\InverlochBikeHire\wp-includes\class-wp-hook.php(348): WP_Hook->apply_filters('', Array)
#4 C:\xampp\htdocs\InverlochBikeHire\wp-includes\plugin.php(517): WP_Hook->do_action(Array)
#5 C:\xampp\htdocs\InverlochBikeHire\wp-admin\admin-ajax.php(188): do_action('wp_ajax_ibh_han...')
#6 {main}
  thrown in C:\xampp\htdocs\InverlochBikeHire\wp-content\plugins\inverloch-bike-hire\includes\form-handlers.php on line 242
[14-Feb-2024 17:12:11 UTC] PHP Fatal error:  Uncaught Error: Class "PricePointModel" not found in C:\xampp\htdocs\InverlochBikeHire\wp-content\plugins\inverloch-bike-hire\includes\form-handlers.php:242
Stack trace:
#0 C:\xampp\htdocs\InverlochBikeHire\wp-content\plugins\inverloch-bike-hire\includes\form-handlers.php(72): update_price_points_action()
#1 C:\xampp\htdocs\InverlochBikeHire\wp-content\plugins\inverloch-bike-hire\includes\form-handlers.php(34): handle_price_point_actions('update')
#2 C:\xampp\htdocs\InverlochBikeHire\wp-includes\class-wp-hook.php(324): ibh_handle_form_submission('')
#3 C:\xampp\htdocs\InverlochBikeHire\wp-includes\class-wp-hook.php(348): WP_Hook->apply_filters('', Array)
#4 C:\xampp\htdocs\InverlochBikeHire\wp-includes\plugin.php(517): WP_Hook->do_action(Array)
#5 C:\xampp\htdocs\InverlochBikeHire\wp-admin\admin-ajax.php(188): do_action('wp_ajax_ibh_han...')
#6 {main}
  thrown in C:\xampp\htdocs\InverlochBikeHire\wp-content\plugins\inverloch-bike-hire\includes\form-handlers.php on line 242
[14-Feb-2024 17:14:50 UTC] PHP Fatal error:  Uncaught Error: Class "PricePointModel" not found in C:\xampp\htdocs\InverlochBikeHire\wp-content\plugins\inverloch-bike-hire\includes\form-handlers.php:242
Stack trace:
#0 C:\xampp\htdocs\InverlochBikeHire\wp-content\plugins\inverloch-bike-hire\includes\form-handlers.php(72): update_price_points_action()
#1 C:\xampp\htdocs\InverlochBikeHire\wp-content\plugins\inverloch-bike-hire\includes\form-handlers.php(34): handle_price_point_actions('update')
#2 C:\xampp\htdocs\InverlochBikeHire\wp-includes\class-wp-hook.php(324): ibh_handle_form_submission('')
#3 C:\xampp\htdocs\InverlochBikeHire\wp-includes\class-wp-hook.php(348): WP_Hook->apply_filters('', Array)
#4 C:\xampp\htdocs\InverlochBikeHire\wp-includes\plugin.php(517): WP_Hook->do_action(Array)
#5 C:\xampp\htdocs\InverlochBikeHire\wp-admin\admin-ajax.php(188): do_action('wp_ajax_ibh_han...')
#6 {main}
  thrown in C:\xampp\htdocs\InverlochBikeHire\wp-content\plugins\inverloch-bike-hire\includes\form-handlers.php on line 242
[14-Feb-2024 17:16:17 UTC] PHP Fatal error:  Uncaught Error: Class "PricePointModel" not found in C:\xampp\htdocs\InverlochBikeHire\wp-content\plugins\inverloch-bike-hire\includes\form-handlers.php:242
Stack trace:
#0 C:\xampp\htdocs\InverlochBikeHire\wp-content\plugins\inverloch-bike-hire\includes\form-handlers.php(72): update_price_points_action()
#1 C:\xampp\htdocs\InverlochBikeHire\wp-content\plugins\inverloch-bike-hire\includes\form-handlers.php(34): handle_price_point_actions('update')
#2 C:\xampp\htdocs\InverlochBikeHire\wp-includes\class-wp-hook.php(324): ibh_handle_form_submission('')
#3 C:\xampp\htdocs\InverlochBikeHire\wp-includes\class-wp-hook.php(348): WP_Hook->apply_filters('', Array)
#4 C:\xampp\htdocs\InverlochBikeHire\wp-includes\plugin.php(517): WP_Hook->do_action(Array)
#5 C:\xampp\htdocs\InverlochBikeHire\wp-admin\admin-ajax.php(188): do_action('wp_ajax_ibh_han...')
#6 {main}
  thrown in C:\xampp\htdocs\InverlochBikeHire\wp-content\plugins\inverloch-bike-hire\includes\form-handlers.php on line 242
[14-Feb-2024 17:22:24 UTC] PHP Fatal error:  Uncaught Error: Class "PricePointModel" not found in C:\xampp\htdocs\InverlochBikeHire\wp-content\plugins\inverloch-bike-hire\includes\form-handlers.php:242
Stack trace:
#0 C:\xampp\htdocs\InverlochBikeHire\wp-content\plugins\inverloch-bike-hire\includes\form-handlers.php(72): update_price_points_action()
#1 C:\xampp\htdocs\InverlochBikeHire\wp-content\plugins\inverloch-bike-hire\includes\form-handlers.php(34): handle_price_point_actions('update')
#2 C:\xampp\htdocs\InverlochBikeHire\wp-includes\class-wp-hook.php(324): ibh_handle_form_submission('')
#3 C:\xampp\htdocs\InverlochBikeHire\wp-includes\class-wp-hook.php(348): WP_Hook->apply_filters('', Array)
#4 C:\xampp\htdocs\InverlochBikeHire\wp-includes\plugin.php(517): WP_Hook->do_action(Array)
#5 C:\xampp\htdocs\InverlochBikeHire\wp-admin\admin-ajax.php(188): do_action('wp_ajax_ibh_han...')
#6 {main}
  thrown in C:\xampp\htdocs\InverlochBikeHire\wp-content\plugins\inverloch-bike-hire\includes\form-handlers.php on line 242
